
2025/01/10 (20:08:37) | ===> btop++ v.1.4.0
2025/01/10 (20:08:37) | WARNING: Intel GPU: Failed to initialize PMU

2025/01/10 (20:11:02) | ===> btop++ v.1.4.0
2025/01/10 (20:11:02) | WARNING: Intel GPU: Failed to initialize PMU

2025/01/10 (20:48:45) | ===> btop++ v.1.4.0
2025/01/10 (20:48:45) | WARNING: Intel GPU: Failed to initialize PMU

2025/01/20 (23:04:17) | ===> btop++ v.1.4.0
2025/01/20 (23:04:17) | WARNING: Intel GPU: Failed to initialize PMU

2025/02/03 (06:50:34) | ===> btop++ v.1.4.0
2025/02/03 (06:50:34) | WARNING: Intel GPU: Failed to initialize PMU
2025/02/03 (06:50:36) | WARNING: Failed to get disk/partition stats for mount "/home/omnissiah/Share/DIONYSUS_02" with statvfs error code: 19. Ignoring...
2025/02/03 (06:50:36) | WARNING: Failed to get disk/partition stats for mount "/home/omnissiah/Share/DIONYSUS_01" with statvfs error code: 19. Ignoring...

2025/02/13 (09:35:48) | ===> btop++ v.1.4.0
2025/02/13 (09:35:48) | WARNING: Intel GPU: Failed to initialize PMU

2025/02/13 (09:48:45) | ===> btop++ v.1.4.0
2025/02/13 (09:48:45) | WARNING: Intel GPU: Failed to initialize PMU

2025/02/13 (09:49:26) | ===> btop++ v.1.4.0
2025/02/13 (09:49:26) | WARNING: Intel GPU: Failed to initialize PMU

2025/02/13 (12:53:26) | ===> btop++ v.1.4.0
2025/02/13 (12:53:26) | WARNING: Intel GPU: Failed to initialize PMU
2025/02/13 (12:53:28) | WARNING: Failed to get disk/partition stats for mount "/home/omnissiah/Share/EXT-2/media" with statvfs error code: 19. Ignoring...
2025/02/13 (12:53:28) | WARNING: Failed to get disk/partition stats for mount "/home/omnissiah/Share/EXT-2/data" with statvfs error code: 19. Ignoring...
2025/02/13 (12:53:28) | WARNING: Failed to get disk/partition stats for mount "/home/omnissiah/Share/EXT-1/media" with statvfs error code: 19. Ignoring...
2025/02/13 (12:53:28) | WARNING: Failed to get disk/partition stats for mount "/home/omnissiah/Share/EXT-1/data" with statvfs error code: 19. Ignoring...
2025/02/13 (12:53:28) | WARNING: Failed to get disk/partition stats for mount "/home/omnissiah/Share/EXT-0/media" with statvfs error code: 19. Ignoring...
2025/02/13 (12:53:28) | WARNING: Failed to get disk/partition stats for mount "/home/omnissiah/Share/EXT-0/data" with statvfs error code: 19. Ignoring...

2025/02/13 (13:00:37) | ===> btop++ v.1.4.0
2025/02/13 (13:00:37) | WARNING: Intel GPU: Failed to initialize PMU

2025/02/13 (13:02:52) | ===> btop++ v.1.4.0
2025/02/13 (13:02:52) | WARNING: Intel GPU: Failed to initialize PMU

2025/02/13 (13:04:35) | ===> btop++ v.1.4.0
2025/02/13 (13:04:35) | WARNING: Intel GPU: Failed to initialize PMU

2025/02/13 (13:05:34) | ===> btop++ v.1.4.0
2025/02/13 (13:05:34) | WARNING: Intel GPU: Failed to initialize PMU

2025/02/13 (13:13:17) | ===> btop++ v.1.4.0
2025/02/13 (13:13:17) | WARNING: Intel GPU: Failed to initialize PMU

2025/02/14 (11:03:46) | ===> btop++ v.1.4.0
2025/02/14 (11:03:46) | WARNING: Intel GPU: Failed to initialize PMU

2025/02/16 (09:08:49) | ===> btop++ v.1.4.0
2025/02/16 (09:08:49) | WARNING: Intel GPU: Failed to initialize PMU
2025/02/17 (08:00:55) | ERROR: Stall in Runner thread, restarting!
2025/02/17 (08:01:01) | ERROR: Stall in Runner thread, restarting!
2025/02/17 (08:01:07) | ERROR: Stall in Runner thread, restarting!
2025/02/17 (08:01:13) | ERROR: Stall in Runner thread, restarting!
2025/02/17 (08:01:19) | ERROR: Stall in Runner thread, restarting!
2025/02/17 (08:01:25) | ERROR: Stall in Runner thread, restarting!
2025/02/17 (08:01:31) | ERROR: Stall in Runner thread, restarting!
2025/02/17 (08:01:37) | ERROR: Stall in Runner thread, restarting!
2025/02/17 (08:01:43) | ERROR: Stall in Runner thread, restarting!
2025/02/17 (08:01:49) | ERROR: Stall in Runner thread, restarting!
2025/02/17 (08:01:55) | ERROR: Stall in Runner thread, restarting!
2025/02/17 (08:02:01) | ERROR: Stall in Runner thread, restarting!
2025/02/17 (08:02:07) | ERROR: Stall in Runner thread, restarting!
2025/02/17 (08:02:13) | ERROR: Stall in Runner thread, restarting!
2025/02/17 (08:02:19) | ERROR: Stall in Runner thread, restarting!
2025/02/17 (08:02:25) | ERROR: Stall in Runner thread, restarting!
2025/02/17 (08:02:31) | ERROR: Stall in Runner thread, restarting!
